[09:17:02] [main/INFO]: Setting user: ForgeDevName
[09:17:04] [Client thread/INFO]: LWJGL Version: 2.9.1
[09:17:14] [Client thread/INFO]: Reloading ResourceManager: Default, FMLFileResourcePack:Forge Mod Loader, FMLFileResourcePack:Minecraft Forge, FMLFileResourcePack:Camo Lights
[09:17:15] [Sound Library Loader/INFO]: Sound engine started
[09:17:16] [Client thread/INFO]: Created: 512x256 textures/blocks-atlas
[09:17:16] [Client thread/INFO]: Created: 256x256 textures/items-atlas
[09:17:17] [Client thread/INFO]: Reloading ResourceManager: Default, FMLFileResourcePack:Forge Mod Loader, FMLFileResourcePack:Minecraft Forge, FMLFileResourcePack:Camo Lights
[09:17:17] [Client thread/INFO]: Created: 256x256 textures/items-atlas
[09:17:17] [Client thread/INFO]: Created: 512x256 textures/blocks-atlas
[09:17:18] [Sound Library Loader/INFO]: Sound engine started
[09:17:18] [Client thread/ERROR]: ########## GL ERROR ##########
[09:17:18] [Client thread/ERROR]: @ Post startup
[09:17:18] [Client thread/ERROR]: 1281: Invalid value
[09:17:36] [Server thread/INFO]: Starting integrated minecraft server version 1.7.10
[09:17:36] [Server thread/INFO]: Generating keypair
[09:17:36] [Server thread/INFO]: Preparing start region for level 0
[09:17:37] [Server thread/INFO]: Changing view distance to 12, from 10
[09:17:38] [Server thread/INFO]: ForgeDevName[local:E:a46a828d] logged in with entity id 171 at (-452.8356098923141, 4.0, 1136.9230016339736)
[09:17:38] [Server thread/INFO]: ForgeDevName joined the game
[09:17:53] [Server thread/INFO]: Saving and pausing game...
[09:17:53] [Server thread/INFO]: Saving chunks for level 'New World'/Overworld
[09:17:53] [Server thread/INFO]: Saving chunks for level 'New World'/Nether
[09:17:53] [Server thread/INFO]: Saving chunks for level 'New World'/The End
[09:18:08] [Server thread/INFO]: Saving and pausing game...
[09:18:08] [Server thread/INFO]: Saving chunks for level 'New World'/Overworld
[09:18:08] [Server thread/INFO]: Saving chunks for level 'New World'/Nether
[09:18:08] [Server thread/INFO]: Saving chunks for level 'New World'/The End
[09:18:09] [Server thread/INFO]: Stopping server
[09:18:09] [Server thread/INFO]: Saving players
[09:18:09] [Server thread/INFO]: Saving worlds
[09:18:09] [Server thread/INFO]: Saving chunks for level 'New World'/Overworld
[09:18:09] [Server thread/INFO]: Saving chunks for level 'New World'/Nether
[09:18:09] [Server thread/INFO]: Saving chunks for level 'New World'/The End
[09:18:10] [Client thread/INFO]: Stopping!
